Copyright 1986-2022 Xilinx, Inc. All Rights Reserved. Copyright 2022-2024 Advanced Micro Devices, Inc. All Rights Reserved.
---------------------------------------------------------------------------------------------------------------------------------------------
| Tool Version : Vivado v.2024.1 (win64) Build 5076996 Wed May 22 18:37:14 MDT 2024
| Date         : Mon Dec  9 21:01:28 2024
| Host         : LHeysemK running 64-bit major release  (build 9200)
| Command      : report_control_sets -verbose -file sixteen_bit_gray_upcount_control_sets_placed.rpt
| Design       : sixteen_bit_gray_upcount
| Device       : xc7a35t
---------------------------------------------------------------------------------------------------------------------------------------------

Control Set Information

Table of Contents
-----------------
1. Summary
2. Histogram
3. Flip-Flop Distribution
4. Detailed Control Set Information

1. Summary
----------

+----------------------------------------------------------+-------+
|                          Status                          | Count |
+----------------------------------------------------------+-------+
| Total control sets                                       |    52 |
|    Minimum number of control sets                        |    52 |
|    Addition due to synthesis replication                 |     0 |
|    Addition due to physical synthesis replication        |     0 |
| Unused register locations in slices containing registers |   350 |
+----------------------------------------------------------+-------+
* Control sets can be merged at opt_design using control_set_merge or merge_equivalent_drivers
** Run report_qor_suggestions for automated merging and remapping suggestions


2. Histogram
------------

+--------------------+-------+
|       Fanout       | Count |
+--------------------+-------+
| Total control sets |    52 |
| >= 0 to < 4        |    49 |
| >= 4 to < 6        |     1 |
| >= 6 to < 8        |     0 |
| >= 8 to < 10       |     0 |
| >= 10 to < 12      |     0 |
| >= 12 to < 14      |     0 |
| >= 14 to < 16      |     0 |
| >= 16              |     2 |
+--------------------+-------+
* Control sets can be remapped at either synth_design or opt_design


3. Flip-Flop Distribution
-------------------------

+--------------+-----------------------+------------------------+-----------------+--------------+
| Clock Enable | Synchronous Set/Reset | Asynchronous Set/Reset | Total Registers | Total Slices |
+--------------+-----------------------+------------------------+-----------------+--------------+
| No           | No                    | No                     |               6 |            4 |
| No           | No                    | Yes                    |              32 |           32 |
| No           | Yes                   | No                     |              60 |           27 |
| Yes          | No                    | No                     |               0 |            0 |
| Yes          | No                    | Yes                    |               0 |            0 |
| Yes          | Yes                   | No                     |               0 |            0 |
+--------------+-----------------------+------------------------+-----------------+--------------+


4. Detailed Control Set Information
-----------------------------------

+----------------------------------+---------------+---------------------------------+------------------+----------------+--------------+
|           Clock Signal           | Enable Signal |         Set/Reset Signal        | Slice Load Count | Bel Load Count | Bels / Slice |
+----------------------------------+---------------+---------------------------------+------------------+----------------+--------------+
|  binaryCount_reg[15]_C_i_2_n_0   |               | binaryCount_reg[13]_LDC_i_1_n_0 |                1 |              1 |         1.00 |
|  binaryCount_reg[13]_LDC_i_1_n_0 |               | binaryCount_reg[13]_LDC_i_2_n_0 |                1 |              1 |         1.00 |
|  binaryCount_reg[0]_LDC_i_1_n_0  |               | binaryCount_reg[0]_LDC_i_2_n_0  |                1 |              1 |         1.00 |
|  binaryCount_reg[11]_LDC_i_1_n_0 |               | binaryCount_reg[11]_LDC_i_2_n_0 |                1 |              1 |         1.00 |
|  binaryCount_reg[1]_LDC_i_1_n_0  |               | binaryCount_reg[1]_LDC_i_2_n_0  |                1 |              1 |         1.00 |
|  binaryCount_reg[14]_LDC_i_1_n_0 |               | binaryCount_reg[14]_LDC_i_2_n_0 |                1 |              1 |         1.00 |
|  binaryCount_reg[15]_C_i_2_n_0   |               | binaryCount_reg[0]_LDC_i_2_n_0  |                1 |              1 |         1.00 |
|  binaryCount_reg[15]_C_i_2_n_0   |               | binaryCount_reg[13]_LDC_i_2_n_0 |                1 |              1 |         1.00 |
|  binaryCount_reg[15]_C_i_2_n_0   |               | binaryCount_reg[0]_LDC_i_1_n_0  |                1 |              1 |         1.00 |
|  binaryCount_reg[15]_C_i_2_n_0   |               | binaryCount_reg[11]_LDC_i_1_n_0 |                1 |              1 |         1.00 |
|  binaryCount_reg[15]_C_i_2_n_0   |               | binaryCount_reg[15]_LDC_i_2_n_0 |                1 |              1 |         1.00 |
|  binaryCount_reg[15]_C_i_2_n_0   |               | binaryCount_reg[10]_LDC_i_2_n_0 |                1 |              1 |         1.00 |
|  binaryCount_reg[7]_LDC_i_1_n_0  |               | binaryCount_reg[7]_LDC_i_2_n_0  |                1 |              1 |         1.00 |
|  binaryCount_reg[15]_C_i_2_n_0   |               | binaryCount_reg[1]_LDC_i_1_n_0  |                1 |              1 |         1.00 |
|  binaryCount_reg[15]_C_i_2_n_0   |               | binaryCount_reg[14]_LDC_i_1_n_0 |                1 |              1 |         1.00 |
|  binaryCount_reg[15]_C_i_2_n_0   |               | binaryCount_reg[1]_LDC_i_2_n_0  |                1 |              1 |         1.00 |
|  binaryCount_reg[15]_C_i_2_n_0   |               | binaryCount_reg[11]_LDC_i_2_n_0 |                1 |              1 |         1.00 |
|  binaryCount_reg[15]_C_i_2_n_0   |               | binaryCount_reg[14]_LDC_i_2_n_0 |                1 |              1 |         1.00 |
|  binaryCount_reg[15]_C_i_2_n_0   |               | binaryCount_reg[2]_LDC_i_2_n_0  |                1 |              1 |         1.00 |
|  binaryCount_reg[15]_C_i_2_n_0   |               | binaryCount_reg[15]_LDC_i_1_n_0 |                1 |              1 |         1.00 |
|  binaryCount_reg[15]_C_i_2_n_0   |               | binaryCount_reg[2]_LDC_i_1_n_0  |                1 |              1 |         1.00 |
|  binaryCount_reg[15]_C_i_2_n_0   |               | binaryCount_reg[12]_LDC_i_1_n_0 |                1 |              1 |         1.00 |
|  binaryCount_reg[15]_C_i_2_n_0   |               | binaryCount_reg[12]_LDC_i_2_n_0 |                1 |              1 |         1.00 |
|  binaryCount_reg[15]_C_i_2_n_0   |               | binaryCount_reg[3]_LDC_i_1_n_0  |                1 |              1 |         1.00 |
|  binaryCount_reg[15]_C_i_2_n_0   |               | binaryCount_reg[3]_LDC_i_2_n_0  |                1 |              1 |         1.00 |
|  binaryCount_reg[15]_C_i_2_n_0   |               | binaryCount_reg[4]_LDC_i_1_n_0  |                1 |              1 |         1.00 |
|  binaryCount_reg[15]_C_i_2_n_0   |               | binaryCount_reg[4]_LDC_i_2_n_0  |                1 |              1 |         1.00 |
|  binaryCount_reg[15]_C_i_2_n_0   |               | binaryCount_reg[10]_LDC_i_1_n_0 |                1 |              1 |         1.00 |
|  binaryCount_reg[15]_C_i_2_n_0   |               | binaryCount_reg[5]_LDC_i_1_n_0  |                1 |              1 |         1.00 |
|  binaryCount_reg[15]_C_i_2_n_0   |               | binaryCount_reg[5]_LDC_i_2_n_0  |                1 |              1 |         1.00 |
|  binaryCount_reg[15]_C_i_2_n_0   |               | binaryCount_reg[6]_LDC_i_1_n_0  |                1 |              1 |         1.00 |
|  binaryCount_reg[15]_C_i_2_n_0   |               | binaryCount_reg[8]_LDC_i_1_n_0  |                1 |              1 |         1.00 |
|  binaryCount_reg[15]_C_i_2_n_0   |               | binaryCount_reg[6]_LDC_i_2_n_0  |                1 |              1 |         1.00 |
|  binaryCount_reg[15]_C_i_2_n_0   |               | binaryCount_reg[8]_LDC_i_2_n_0  |                1 |              1 |         1.00 |
|  binaryCount_reg[15]_C_i_2_n_0   |               | binaryCount_reg[9]_LDC_i_1_n_0  |                1 |              1 |         1.00 |
|  binaryCount_reg[15]_C_i_2_n_0   |               | binaryCount_reg[7]_LDC_i_1_n_0  |                1 |              1 |         1.00 |
|  binaryCount_reg[15]_C_i_2_n_0   |               | binaryCount_reg[7]_LDC_i_2_n_0  |                1 |              1 |         1.00 |
|  binaryCount_reg[15]_C_i_2_n_0   |               | binaryCount_reg[9]_LDC_i_2_n_0  |                1 |              1 |         1.00 |
|  binaryCount_reg[15]_LDC_i_1_n_0 |               | binaryCount_reg[15]_LDC_i_2_n_0 |                1 |              1 |         1.00 |
|  binaryCount_reg[2]_LDC_i_1_n_0  |               | binaryCount_reg[2]_LDC_i_2_n_0  |                1 |              1 |         1.00 |
|  binaryCount_reg[12]_LDC_i_1_n_0 |               | binaryCount_reg[12]_LDC_i_2_n_0 |                1 |              1 |         1.00 |
|  binaryCount_reg[3]_LDC_i_1_n_0  |               | binaryCount_reg[3]_LDC_i_2_n_0  |                1 |              1 |         1.00 |
|  binaryCount_reg[4]_LDC_i_1_n_0  |               | binaryCount_reg[4]_LDC_i_2_n_0  |                1 |              1 |         1.00 |
|  binaryCount_reg[10]_LDC_i_1_n_0 |               | binaryCount_reg[10]_LDC_i_2_n_0 |                1 |              1 |         1.00 |
|  binaryCount_reg[5]_LDC_i_1_n_0  |               | binaryCount_reg[5]_LDC_i_2_n_0  |                1 |              1 |         1.00 |
|  binaryCount_reg[6]_LDC_i_1_n_0  |               | binaryCount_reg[6]_LDC_i_2_n_0  |                1 |              1 |         1.00 |
|  binaryCount_reg[8]_LDC_i_1_n_0  |               | binaryCount_reg[8]_LDC_i_2_n_0  |                1 |              1 |         1.00 |
|  binaryCount_reg[9]_LDC_i_1_n_0  |               | binaryCount_reg[9]_LDC_i_2_n_0  |                1 |              1 |         1.00 |
|  nolabel_line19/CLK              |               |                                 |                1 |              2 |         2.00 |
|  clk_IBUF_BUFG                   |               |                                 |                3 |              4 |         1.33 |
|  clk_IBUF_BUFG                   |               | nolabel_line19/slow_clk         |                4 |             16 |         4.00 |
|  clk_IBUF_BUFG                   |               | nolabel_line20/slow_clk         |                7 |             28 |         4.00 |
+----------------------------------+---------------+---------------------------------+------------------+----------------+--------------+


